{"C:\\Users\\diego\\microverse\\pairprogramming\\romina\\to-do-list\\src\\modules\\add-task.js": {"path":"C:\\Users\\diego\\microverse\\pairprogramming\\romina\\to-do-list\\src\\modules\\add-task.js","statementMap":{"0":{"start":{"line":7,"column":16},"end":{"line":24,"column":1}},"1":{"start":{"line":8,"column":16},"end":{"line":8,"column":51}},"2":{"start":{"line":9,"column":16},"end":{"line":9,"column":48}},"3":{"start":{"line":10,"column":20},"end":{"line":10,"column":29}},"4":{"start":{"line":11,"column":2},"end":{"line":23,"column":3}},"5":{"start":{"line":12,"column":17},"end":{"line":12,"column":60}},"6":{"start":{"line":13,"column":4},"end":{"line":13,"column":19}},"7":{"start":{"line":14,"column":4},"end":{"line":14,"column":25}},"8":{"start":{"line":15,"column":4},"end":{"line":15,"column":64}},"9":{"start":{"line":16,"column":4},"end":{"line":16,"column":21}},"10":{"start":{"line":18,"column":4},"end":{"line":18,"column":37}},"11":{"start":{"line":19,"column":4},"end":{"line":19,"column":34}},"12":{"start":{"line":20,"column":4},"end":{"line":22,"column":13}},"13":{"start":{"line":21,"column":6},"end":{"line":21,"column":35}}},"fnMap":{"0":{"name":"(anonymous_0)","decl":{"start":{"line":7,"column":16},"end":{"line":7,"column":17}},"loc":{"start":{"line":7,"column":22},"end":{"line":24,"column":1}},"line":7},"1":{"name":"(anonymous_1)","decl":{"start":{"line":20,"column":15},"end":{"line":20,"column":16}},"loc":{"start":{"line":20,"column":21},"end":{"line":22,"column":5}},"line":20}},"branchMap":{"0":{"loc":{"start":{"line":11,"column":2},"end":{"line":23,"column":3}},"type":"if","locations":[{"start":{"line":11,"column":2},"end":{"line":23,"column":3}},{"start":{"line":17,"column":9},"end":{"line":23,"column":3}}],"line":11}},"s":{"0":1,"1":2,"2":2,"3":2,"4":2,"5":1,"6":1,"7":1,"8":1,"9":1,"10":1,"11":1,"12":1,"13":0},"f":{"0":2,"1":0},"b":{"0":[1,1]},"_coverageSchema":"1a1c01bbd47fc00a2c39e90264f33305004495a9","hash":"b75119304e32c90695547c767d337a015b720618"}
,"C:\\Users\\diego\\microverse\\pairprogramming\\romina\\to-do-list\\src\\modules\\clear-list-action.js": {"path":"C:\\Users\\diego\\microverse\\pairprogramming\\romina\\to-do-list\\src\\modules\\clear-list-action.js","statementMap":{"0":{"start":{"line":3,"column":24},"end":{"line":13,"column":1}},"1":{"start":{"line":4,"column":16},"end":{"line":4,"column":50}},"2":{"start":{"line":5,"column":27},"end":{"line":8,"column":4}},"3":{"start":{"line":6,"column":21},"end":{"line":6,"column":49}},"4":{"start":{"line":7,"column":4},"end":{"line":7,"column":28}},"5":{"start":{"line":9,"column":2},"end":{"line":12,"column":5}},"6":{"start":{"line":10,"column":25},"end":{"line":10,"column":54}},"7":{"start":{"line":11,"column":4},"end":{"line":11,"column":29}}},"fnMap":{"0":{"name":"(anonymous_0)","decl":{"start":{"line":3,"column":24},"end":{"line":3,"column":25}},"loc":{"start":{"line":3,"column":30},"end":{"line":13,"column":1}},"line":3},"1":{"name":"(anonymous_1)","decl":{"start":{"line":5,"column":45},"end":{"line":5,"column":46}},"loc":{"start":{"line":5,"column":55},"end":{"line":8,"column":3}},"line":5},"2":{"name":"(anonymous_2)","decl":{"start":{"line":9,"column":27},"end":{"line":9,"column":28}},"loc":{"start":{"line":9,"column":37},"end":{"line":12,"column":3}},"line":9}},"branchMap":{},"s":{"0":1,"1":1,"2":1,"3":3,"4":3,"5":1,"6":2,"7":2},"f":{"0":1,"1":3,"2":2},"b":{},"_coverageSchema":"1a1c01bbd47fc00a2c39e90264f33305004495a9","hash":"9f2011718570f2160e85772646854c25da3320a6"}
,"C:\\Users\\diego\\microverse\\pairprogramming\\romina\\to-do-list\\src\\modules\\completed.js": {"path":"C:\\Users\\diego\\microverse\\pairprogramming\\romina\\to-do-list\\src\\modules\\completed.js","statementMap":{"0":{"start":{"line":3,"column":18},"end":{"line":9,"column":1}},"1":{"start":{"line":4,"column":20},"end":{"line":4,"column":29}},"2":{"start":{"line":5,"column":16},"end":{"line":5,"column":41}},"3":{"start":{"line":6,"column":2},"end":{"line":6,"column":45}},"4":{"start":{"line":8,"column":2},"end":{"line":8,"column":62}}},"fnMap":{"0":{"name":"(anonymous_0)","decl":{"start":{"line":3,"column":18},"end":{"line":3,"column":19}},"loc":{"start":{"line":3,"column":47},"end":{"line":9,"column":1}},"line":3}},"branchMap":{"0":{"loc":{"start":{"line":3,"column":25},"end":{"line":3,"column":42}},"type":"default-arg","locations":[{"start":{"line":3,"column":37},"end":{"line":3,"column":42}}],"line":3}},"s":{"0":3,"1":1,"2":1,"3":1,"4":1},"f":{"0":1},"b":{"0":[0]},"_coverageSchema":"1a1c01bbd47fc00a2c39e90264f33305004495a9","hash":"62884a926fc80e6d71ed8605631372cb20fb5b81"}
,"C:\\Users\\diego\\microverse\\pairprogramming\\romina\\to-do-list\\src\\modules\\create-li.js": {"path":"C:\\Users\\diego\\microverse\\pairprogramming\\romina\\to-do-list\\src\\modules\\create-li.js","statementMap":{"0":{"start":{"line":5,"column":17},"end":{"line":89,"column":1}},"1":{"start":{"line":6,"column":19},"end":{"line":6,"column":55}},"2":{"start":{"line":8,"column":13},"end":{"line":8,"column":41}},"3":{"start":{"line":9,"column":19},"end":{"line":9,"column":50}},"4":{"start":{"line":10,"column":14},"end":{"line":10,"column":43}},"5":{"start":{"line":11,"column":17},"end":{"line":11,"column":49}},"6":{"start":{"line":12,"column":23},"end":{"line":12,"column":55}},"7":{"start":{"line":13,"column":20},"end":{"line":13,"column":51}},"8":{"start":{"line":16,"column":2},"end":{"line":16,"column":45}},"9":{"start":{"line":17,"column":2},"end":{"line":17,"column":27}},"10":{"start":{"line":20,"column":2},"end":{"line":20,"column":36}},"11":{"start":{"line":21,"column":2},"end":{"line":21,"column":34}},"12":{"start":{"line":22,"column":2},"end":{"line":22,"column":44}},"13":{"start":{"line":23,"column":2},"end":{"line":23,"column":54}},"14":{"start":{"line":24,"column":2},"end":{"line":24,"column":52}},"15":{"start":{"line":27,"column":2},"end":{"line":27,"column":34}},"16":{"start":{"line":28,"column":2},"end":{"line":28,"column":41}},"17":{"start":{"line":29,"column":2},"end":{"line":29,"column":54}},"18":{"start":{"line":30,"column":2},"end":{"line":30,"column":52}},"19":{"start":{"line":31,"column":2},"end":{"line":31,"column":37}},"20":{"start":{"line":34,"column":2},"end":{"line":34,"column":28}},"21":{"start":{"line":35,"column":2},"end":{"line":35,"column":35}},"22":{"start":{"line":36,"column":2},"end":{"line":38,"column":3}},"23":{"start":{"line":37,"column":4},"end":{"line":37,"column":30}},"24":{"start":{"line":41,"column":2},"end":{"line":41,"column":34}},"25":{"start":{"line":42,"column":2},"end":{"line":42,"column":57}},"26":{"start":{"line":45,"column":2},"end":{"line":45,"column":39}},"27":{"start":{"line":46,"column":2},"end":{"line":46,"column":67}},"28":{"start":{"line":49,"column":2},"end":{"line":49,"column":27}},"29":{"start":{"line":50,"column":2},"end":{"line":50,"column":22}},"30":{"start":{"line":51,"column":2},"end":{"line":51,"column":28}},"31":{"start":{"line":52,"column":2},"end":{"line":52,"column":25}},"32":{"start":{"line":53,"column":2},"end":{"line":53,"column":31}},"33":{"start":{"line":55,"column":2},"end":{"line":55,"column":27}},"34":{"start":{"line":59,"column":20},"end":{"line":62,"column":3}},"35":{"start":{"line":60,"column":4},"end":{"line":60,"column":33}},"36":{"start":{"line":61,"column":4},"end":{"line":61,"column":39}},"37":{"start":{"line":64,"column":24},"end":{"line":67,"column":3}},"38":{"start":{"line":65,"column":4},"end":{"line":65,"column":31}},"39":{"start":{"line":66,"column":4},"end":{"line":66,"column":40}},"40":{"start":{"line":69,"column":22},"end":{"line":72,"column":3}},"41":{"start":{"line":70,"column":4},"end":{"line":70,"column":34}},"42":{"start":{"line":71,"column":4},"end":{"line":71,"column":37}},"43":{"start":{"line":74,"column":18},"end":{"line":78,"column":3}},"44":{"start":{"line":75,"column":4},"end":{"line":75,"column":36}},"45":{"start":{"line":76,"column":4},"end":{"line":76,"column":55}},"46":{"start":{"line":77,"column":4},"end":{"line":77,"column":18}},"47":{"start":{"line":82,"column":2},"end":{"line":82,"column":49}},"48":{"start":{"line":83,"column":2},"end":{"line":83,"column":47}},"49":{"start":{"line":84,"column":2},"end":{"line":84,"column":48}},"50":{"start":{"line":85,"column":2},"end":{"line":85,"column":54}},"51":{"start":{"line":86,"column":2},"end":{"line":88,"column":5}},"52":{"start":{"line":87,"column":4},"end":{"line":87,"column":29}}},"fnMap":{"0":{"name":"(anonymous_0)","decl":{"start":{"line":5,"column":17},"end":{"line":5,"column":18}},"loc":{"start":{"line":5,"column":27},"end":{"line":89,"column":1}},"line":5},"1":{"name":"(anonymous_1)","decl":{"start":{"line":59,"column":20},"end":{"line":59,"column":21}},"loc":{"start":{"line":59,"column":26},"end":{"line":62,"column":3}},"line":59},"2":{"name":"(anonymous_2)","decl":{"start":{"line":64,"column":24},"end":{"line":64,"column":25}},"loc":{"start":{"line":64,"column":30},"end":{"line":67,"column":3}},"line":64},"3":{"name":"(anonymous_3)","decl":{"start":{"line":69,"column":22},"end":{"line":69,"column":23}},"loc":{"start":{"line":69,"column":28},"end":{"line":72,"column":3}},"line":69},"4":{"name":"(anonymous_4)","decl":{"start":{"line":74,"column":18},"end":{"line":74,"column":19}},"loc":{"start":{"line":74,"column":24},"end":{"line":78,"column":3}},"line":74},"5":{"name":"(anonymous_5)","decl":{"start":{"line":86,"column":41},"end":{"line":86,"column":42}},"loc":{"start":{"line":86,"column":47},"end":{"line":88,"column":3}},"line":86}},"branchMap":{"0":{"loc":{"start":{"line":36,"column":2},"end":{"line":38,"column":3}},"type":"if","locations":[{"start":{"line":36,"column":2},"end":{"line":38,"column":3}},{"start":{},"end":{}}],"line":36}},"s":{"0":2,"1":2,"2":2,"3":2,"4":2,"5":2,"6":2,"7":2,"8":2,"9":2,"10":2,"11":2,"12":2,"13":2,"14":2,"15":2,"16":2,"17":2,"18":2,"19":2,"20":2,"21":2,"22":2,"23":0,"24":2,"25":2,"26":2,"27":2,"28":2,"29":2,"30":2,"31":2,"32":2,"33":2,"34":2,"35":0,"36":0,"37":2,"38":0,"39":0,"40":2,"41":0,"42":0,"43":2,"44":0,"45":0,"46":0,"47":2,"48":2,"49":2,"50":2,"51":2,"52":0},"f":{"0":2,"1":0,"2":0,"3":0,"4":0,"5":0},"b":{"0":[0,2]},"_coverageSchema":"1a1c01bbd47fc00a2c39e90264f33305004495a9","hash":"aece50971882706921d7bc42f1e899853cdc152f"}
,"C:\\Users\\diego\\microverse\\pairprogramming\\romina\\to-do-list\\src\\modules\\edit-task.js": {"path":"C:\\Users\\diego\\microverse\\pairprogramming\\romina\\to-do-list\\src\\modules\\edit-task.js","statementMap":{"0":{"start":{"line":3,"column":17},"end":{"line":12,"column":1}},"1":{"start":{"line":4,"column":20},"end":{"line":4,"column":29}},"2":{"start":{"line":5,"column":16},"end":{"line":5,"column":41}},"3":{"start":{"line":6,"column":2},"end":{"line":8,"column":3}},"4":{"start":{"line":7,"column":4},"end":{"line":7,"column":51}},"5":{"start":{"line":9,"column":2},"end":{"line":9,"column":45}},"6":{"start":{"line":11,"column":2},"end":{"line":11,"column":62}}},"fnMap":{"0":{"name":"(anonymous_0)","decl":{"start":{"line":3,"column":17},"end":{"line":3,"column":18}},"loc":{"start":{"line":3,"column":64},"end":{"line":12,"column":1}},"line":3}},"branchMap":{"0":{"loc":{"start":{"line":3,"column":24},"end":{"line":3,"column":40}},"type":"default-arg","locations":[{"start":{"line":3,"column":38},"end":{"line":3,"column":40}}],"line":3},"1":{"loc":{"start":{"line":3,"column":42},"end":{"line":3,"column":59}},"type":"default-arg","locations":[{"start":{"line":3,"column":54},"end":{"line":3,"column":59}}],"line":3},"2":{"loc":{"start":{"line":6,"column":2},"end":{"line":8,"column":3}},"type":"if","locations":[{"start":{"line":6,"column":2},"end":{"line":8,"column":3}},{"start":{},"end":{}}],"line":6}},"s":{"0":3,"1":1,"2":1,"3":1,"4":1,"5":1,"6":1},"f":{"0":1},"b":{"0":[0],"1":[0],"2":[1,0]},"_coverageSchema":"1a1c01bbd47fc00a2c39e90264f33305004495a9","hash":"a13d6906a27f66c83ac37f802244a271d7caedee"}
,"C:\\Users\\diego\\microverse\\pairprogramming\\romina\\to-do-list\\src\\modules\\get-data.js": {"path":"C:\\Users\\diego\\microverse\\pairprogramming\\romina\\to-do-list\\src\\modules\\get-data.js","statementMap":{"0":{"start":{"line":1,"column":16},"end":{"line":7,"column":1}},"1":{"start":{"line":2,"column":15},"end":{"line":2,"column":47}},"2":{"start":{"line":3,"column":2},"end":{"line":5,"column":3}},"3":{"start":{"line":4,"column":4},"end":{"line":4,"column":28}},"4":{"start":{"line":6,"column":2},"end":{"line":6,"column":12}}},"fnMap":{"0":{"name":"(anonymous_0)","decl":{"start":{"line":1,"column":16},"end":{"line":1,"column":17}},"loc":{"start":{"line":1,"column":22},"end":{"line":7,"column":1}},"line":1}},"branchMap":{"0":{"loc":{"start":{"line":3,"column":2},"end":{"line":5,"column":3}},"type":"if","locations":[{"start":{"line":3,"column":2},"end":{"line":5,"column":3}},{"start":{},"end":{}}],"line":3}},"s":{"0":1,"1":0,"2":0,"3":0,"4":0},"f":{"0":0},"b":{"0":[0,0]},"_coverageSchema":"1a1c01bbd47fc00a2c39e90264f33305004495a9","hash":"45714f9f5e2a9d5a55837ce1dab0f57693fb798d"}
,"C:\\Users\\diego\\microverse\\pairprogramming\\romina\\to-do-list\\src\\modules\\remove-task.js": {"path":"C:\\Users\\diego\\microverse\\pairprogramming\\romina\\to-do-list\\src\\modules\\remove-task.js","statementMap":{"0":{"start":{"line":3,"column":19},"end":{"line":6,"column":1}},"1":{"start":{"line":4,"column":2},"end":{"line":4,"column":32}},"2":{"start":{"line":5,"column":2},"end":{"line":5,"column":16}}},"fnMap":{"0":{"name":"(anonymous_0)","decl":{"start":{"line":3,"column":19},"end":{"line":3,"column":20}},"loc":{"start":{"line":3,"column":31},"end":{"line":6,"column":1}},"line":3}},"branchMap":{},"s":{"0":4,"1":3,"2":3},"f":{"0":3},"b":{},"_coverageSchema":"1a1c01bbd47fc00a2c39e90264f33305004495a9","hash":"1efe27ff925c5ebb802fd551356f6a66ca4b4c6d"}
,"C:\\Users\\diego\\microverse\\pairprogramming\\romina\\to-do-list\\src\\modules\\task.js": {"path":"C:\\Users\\diego\\microverse\\pairprogramming\\romina\\to-do-list\\src\\modules\\task.js","statementMap":{"0":{"start":{"line":3,"column":4},"end":{"line":3,"column":35}},"1":{"start":{"line":4,"column":4},"end":{"line":4,"column":31}},"2":{"start":{"line":5,"column":4},"end":{"line":5,"column":23}}},"fnMap":{"0":{"name":"(anonymous_0)","decl":{"start":{"line":2,"column":2},"end":{"line":2,"column":3}},"loc":{"start":{"line":2,"column":53},"end":{"line":6,"column":3}},"line":2}},"branchMap":{"0":{"loc":{"start":{"line":2,"column":34},"end":{"line":2,"column":51}},"type":"default-arg","locations":[{"start":{"line":2,"column":46},"end":{"line":2,"column":51}}],"line":2}},"s":{"0":4,"1":4,"2":4},"f":{"0":4},"b":{"0":[1]},"_coverageSchema":"1a1c01bbd47fc00a2c39e90264f33305004495a9","hash":"9ec281f471b13ca58f6bac423ab4e945a36e5a36"}
,"C:\\Users\\diego\\microverse\\pairprogramming\\romina\\to-do-list\\src\\modules\\update-index.js": {"path":"C:\\Users\\diego\\microverse\\pairprogramming\\romina\\to-do-list\\src\\modules\\update-index.js","statementMap":{"0":{"start":{"line":3,"column":20},"end":{"line":26,"column":1}},"1":{"start":{"line":4,"column":17},"end":{"line":4,"column":51}},"2":{"start":{"line":5,"column":22},"end":{"line":5,"column":24}},"3":{"start":{"line":6,"column":2},"end":{"line":24,"column":5}},"4":{"start":{"line":8,"column":21},"end":{"line":8,"column":30}},"5":{"start":{"line":9,"column":4},"end":{"line":9,"column":45}},"6":{"start":{"line":12,"column":21},"end":{"line":12,"column":47}},"7":{"start":{"line":13,"column":16},"end":{"line":13,"column":41}},"8":{"start":{"line":14,"column":22},"end":{"line":14,"column":47}},"9":{"start":{"line":17,"column":4},"end":{"line":17,"column":54}},"10":{"start":{"line":18,"column":4},"end":{"line":18,"column":52}},"11":{"start":{"line":20,"column":4},"end":{"line":20,"column":54}},"12":{"start":{"line":21,"column":4},"end":{"line":21,"column":52}},"13":{"start":{"line":23,"column":4},"end":{"line":23,"column":74}},"14":{"start":{"line":25,"column":2},"end":{"line":25,"column":64}}},"fnMap":{"0":{"name":"(anonymous_0)","decl":{"start":{"line":3,"column":20},"end":{"line":3,"column":21}},"loc":{"start":{"line":3,"column":26},"end":{"line":26,"column":1}},"line":3},"1":{"name":"(anonymous_1)","decl":{"start":{"line":6,"column":17},"end":{"line":6,"column":18}},"loc":{"start":{"line":6,"column":32},"end":{"line":24,"column":3}},"line":6}},"branchMap":{},"s":{"0":4,"1":3,"2":3,"3":3,"4":3,"5":3,"6":3,"7":3,"8":3,"9":3,"10":3,"11":3,"12":3,"13":3,"14":3},"f":{"0":3,"1":3},"b":{},"_coverageSchema":"1a1c01bbd47fc00a2c39e90264f33305004495a9","hash":"b4a68b9740bd304323bfeb7e42b40197e5eb15e3"}
}
